<?xml version="1.0" encoding="UTF-8"?>
<coverage generated="1517292207767" clover="3.2.0">
  <project timestamp="1517292207768" name="All files">
    <metrics statements="79" coveredstatements="38" conditionals="28" coveredconditionals="7" methods="18" coveredmethods="3" elements="125" coveredelements="48" complexity="0" loc="79" ncloc="79" packages="8" files="11" classes="11">
      <package name="src">
        <metrics statements="11" coveredstatements="6" conditionals="4" coveredconditionals="2" methods="3" coveredmethods="0"/>
        <file name="index.js" path="/Users/manishhb/Documents/es6-express-mongoose-passport-rest-api-master/src/index.js">
          <metrics statements="11" coveredstatements="6" conditionals="4" coveredconditionals="2" methods="3" coveredmethods="0"/>
          <line num="6" count="1" type="stmt"/>
          <line num="9" count="1" type="stmt"/>
          <line num="12" count="1" type="stmt"/>
          <line num="20" count="1" type="stmt"/>
          <line num="21" count="0" type="stmt"/>
          <line num="25" count="1" type="stmt"/>
          <line num="26" count="0" type="stmt"/>
          <line num="27" count="0" type="stmt"/>
          <line num="33" count="1" type="stmt"/>
          <line num="35" count="0" type="stmt"/>
          <line num="36" count="0" type="stmt"/>
        </file>
      </package>
      <package name="src.config">
        <metrics statements="33" coveredstatements="17" conditionals="14" coveredconditionals="3" methods="4" coveredmethods="0"/>
        <file name="express.js" path="/Users/manishhb/Documents/es6-express-mongoose-passport-rest-api-master/src/config/express.js">
          <metrics statements="32" coveredstatements="16" conditionals="14" coveredconditionals="3" methods="4" coveredmethods="0"/>
          <line num="19" count="1" type="stmt"/>
          <line num="21" count="1" type="stmt"/>
          <line num="22" count="0" type="stmt"/>
          <line num="26" count="1" type="stmt"/>
          <line num="27" count="1" type="stmt"/>
          <line num="29" count="1" type="stmt"/>
          <line num="30" count="1" type="stmt"/>
          <line num="37" count="1" type="stmt"/>
          <line num="38" count="1" type="stmt"/>
          <line num="49" count="1" type="stmt"/>
          <line num="52" count="1" type="stmt"/>
          <line num="55" count="1" type="stmt"/>
          <line num="56" count="0" type="stmt"/>
          <line num="57" count="0" type="stmt"/>
          <line num="58" count="0" type="stmt"/>
          <line num="69" count="1" type="stmt"/>
          <line num="72" count="1" type="stmt"/>
          <line num="73" count="0" type="stmt"/>
          <line num="75" count="0" type="stmt"/>
          <line num="76" count="0" type="stmt"/>
          <line num="77" count="0" type="stmt"/>
          <line num="78" count="0" type="stmt"/>
          <line num="79" count="0" type="stmt"/>
          <line num="80" count="0" type="stmt"/>
          <line num="82" count="0" type="stmt"/>
          <line num="86" count="1" type="stmt"/>
          <line num="87" count="0" type="stmt"/>
          <line num="88" count="0" type="stmt"/>
          <line num="92" count="1" type="stmt"/>
          <line num="93" count="0" type="stmt"/>
          <line num="101" count="1" type="stmt"/>
          <line num="102" count="0" type="stmt"/>
        </file>
        <file name="winston.js" path="/Users/manishhb/Documents/es6-express-mongoose-passport-rest-api-master/src/config/winston.js">
          <metrics statements="1" coveredstatements="1" conditionals="0" coveredconditionals="0" methods="0" coveredmethods="0"/>
          <line num="3" count="1" type="stmt"/>
        </file>
      </package>
      <package name="src.config.env">
        <metrics statements="2" coveredstatements="2" conditionals="2" coveredconditionals="1" methods="0" coveredmethods="0"/>
        <file name="index.js" path="/Users/manishhb/Documents/es6-express-mongoose-passport-rest-api-master/src/config/env/index.js">
          <metrics statements="2" coveredstatements="2" conditionals="2" coveredconditionals="1" methods="0" coveredmethods="0"/>
          <line num="3" count="1" type="stmt"/>
          <line num="4" count="1" type="stmt"/>
        </file>
        <file name="test.js" path="/Users/manishhb/Documents/es6-express-mongoose-passport-rest-api-master/src/config/env/test.js">
          <metrics statements="0" coveredstatements="0" conditionals="0" coveredconditionals="0" methods="0" coveredmethods="0"/>
        </file>
      </package>
      <package name="src.server.controllers">
        <metrics statements="16" coveredstatements="4" conditionals="6" coveredconditionals="1" methods="8" coveredmethods="2"/>
        <file name="audits.controller.js" path="/Users/manishhb/Documents/es6-express-mongoose-passport-rest-api-master/src/server/controllers/audits.controller.js">
          <metrics statements="16" coveredstatements="4" conditionals="6" coveredconditionals="1" methods="8" coveredmethods="2"/>
          <line num="5" count="0" type="stmt"/>
          <line num="7" count="0" type="stmt"/>
          <line num="8" count="0" type="stmt"/>
          <line num="14" count="0" type="stmt"/>
          <line num="15" count="0" type="stmt"/>
          <line num="16" count="0" type="stmt"/>
          <line num="23" count="1" type="stmt"/>
          <line num="25" count="1" type="stmt"/>
          <line num="26" count="1" type="stmt"/>
          <line num="27" count="1" type="stmt"/>
          <line num="36" count="0" type="stmt"/>
          <line num="38" count="0" type="stmt"/>
          <line num="42" count="0" type="stmt"/>
          <line num="43" count="0" type="stmt"/>
          <line num="44" count="0" type="stmt"/>
          <line num="45" count="0" type="stmt"/>
        </file>
      </package>
      <package name="src.server.helpers">
        <metrics statements="8" coveredstatements="0" conditionals="2" coveredconditionals="0" methods="2" coveredmethods="0"/>
        <file name="APIError.js" path="/Users/manishhb/Documents/es6-express-mongoose-passport-rest-api-master/src/server/helpers/APIError.js">
          <metrics statements="8" coveredstatements="0" conditionals="2" coveredconditionals="0" methods="2" coveredmethods="0"/>
          <line num="8" count="0" type="stmt"/>
          <line num="9" count="0" type="stmt"/>
          <line num="10" count="0" type="stmt"/>
          <line num="11" count="0" type="stmt"/>
          <line num="12" count="0" type="stmt"/>
          <line num="13" count="0" type="stmt"/>
          <line num="14" count="0" type="stmt"/>
          <line num="30" count="0" type="stmt"/>
        </file>
      </package>
      <package name="src.server.models">
        <metrics statements="1" coveredstatements="1" conditionals="0" coveredconditionals="0" methods="0" coveredmethods="0"/>
        <file name="audits.model.js" path="/Users/manishhb/Documents/es6-express-mongoose-passport-rest-api-master/src/server/models/audits.model.js">
          <metrics statements="1" coveredstatements="1" conditionals="0" coveredconditionals="0" methods="0" coveredmethods="0"/>
          <line num="3" count="1" type="stmt"/>
        </file>
      </package>
      <package name="src.server.routes">
        <metrics statements="3" coveredstatements="3" conditionals="0" coveredconditionals="0" methods="1" coveredmethods="1"/>
        <file name="index.route.js" path="/Users/manishhb/Documents/es6-express-mongoose-passport-rest-api-master/src/server/routes/index.route.js">
          <metrics statements="3" coveredstatements="3" conditionals="0" coveredconditionals="0" methods="1" coveredmethods="1"/>
          <line num="4" count="1" type="stmt"/>
          <line num="7" count="1" type="stmt"/>
          <line num="10" count="1" type="stmt"/>
        </file>
      </package>
      <package name="src.server.routes.audits">
        <metrics statements="5" coveredstatements="5" conditionals="0" coveredconditionals="0" methods="0" coveredmethods="0"/>
        <file name="audits.route.js" path="/Users/manishhb/Documents/es6-express-mongoose-passport-rest-api-master/src/server/routes/audits/audits.route.js">
          <metrics statements="5" coveredstatements="5" conditionals="0" coveredconditionals="0" methods="0" coveredmethods="0"/>
          <line num="6" count="1" type="stmt"/>
          <line num="8" count="1" type="stmt"/>
          <line num="12" count="1" type="stmt"/>
          <line num="16" count="1" type="stmt"/>
          <line num="20" count="1" type="stmt"/>
        </file>
        <file name="audits.validations.js" path="/Users/manishhb/Documents/es6-express-mongoose-passport-rest-api-master/src/server/routes/audits/audits.validations.js">
          <metrics statements="0" coveredstatements="0" conditionals="0" coveredconditionals="0" methods="0" coveredmethods="0"/>
        </file>
      </package>
    </metrics>
  </project>
</coverage>
