{"/Users/manishhb/Documents/es6-express-mongoose-passport-rest-api-master/src/index.js": {"path":"/Users/manishhb/Documents/es6-express-mongoose-passport-rest-api-master/src/index.js","statementMap":{"0":{"start":{"line":6,"column":14},"end":{"line":6,"column":50}},"1":{"start":{"line":9,"column":0},"end":{"line":9,"column":33}},"2":{"start":{"line":12,"column":0},"end":{"line":18,"column":2}},"3":{"start":{"line":20,"column":0},"end":{"line":22,"column":2}},"4":{"start":{"line":21,"column":2},"end":{"line":21,"column":64}},"5":{"start":{"line":25,"column":0},"end":{"line":29,"column":1}},"6":{"start":{"line":26,"column":2},"end":{"line":28,"column":4}},"7":{"start":{"line":27,"column":4},"end":{"line":27,"column":77}},"8":{"start":{"line":33,"column":0},"end":{"line":38,"column":1}},"9":{"start":{"line":35,"column":2},"end":{"line":37,"column":4}},"10":{"start":{"line":36,"column":4},"end":{"line":36,"column":66}}},"fnMap":{"0":{"name":"(anonymous_0)","decl":{"start":{"line":20,"column":32},"end":{"line":20,"column":33}},"loc":{"start":{"line":20,"column":38},"end":{"line":22,"column":1}}},"1":{"name":"(anonymous_1)","decl":{"start":{"line":26,"column":24},"end":{"line":26,"column":25}},"loc":{"start":{"line":26,"column":64},"end":{"line":28,"column":3}}},"2":{"name":"(anonymous_2)","decl":{"start":{"line":35,"column":26},"end":{"line":35,"column":27}},"loc":{"start":{"line":35,"column":32},"end":{"line":37,"column":3}}}},"branchMap":{"0":{"loc":{"start":{"line":25,"column":0},"end":{"line":29,"column":1}},"type":"if","locations":[{"start":{"line":25,"column":0},"end":{"line":29,"column":1}},{"start":{"line":25,"column":0},"end":{"line":29,"column":1}}]},"1":{"loc":{"start":{"line":33,"column":0},"end":{"line":38,"column":1}},"type":"if","locations":[{"start":{"line":33,"column":0},"end":{"line":38,"column":1}},{"start":{"line":33,"column":0},"end":{"line":38,"column":1}}]}},"s":{"0":1,"1":1,"2":1,"3":1,"4":0,"5":1,"6":0,"7":0,"8":1,"9":0,"10":0},"f":{"0":0,"1":0,"2":0},"b":{"0":[0,1],"1":[0,1]},"_coverageSchema":"332fd63041d2c1bcb487cc26dd0d5f7d97098a6c","hash":"07e4dc4ca0968c8bc0cd24b94a1228b6b1d81381"}
,"/Users/manishhb/Documents/es6-express-mongoose-passport-rest-api-master/src/config/express.js": {"path":"/Users/manishhb/Documents/es6-express-mongoose-passport-rest-api-master/src/config/express.js","statementMap":{"0":{"start":{"line":19,"column":12},"end":{"line":19,"column":21}},"1":{"start":{"line":21,"column":0},"end":{"line":23,"column":1}},"2":{"start":{"line":22,"column":2},"end":{"line":22,"column":24}},"3":{"start":{"line":26,"column":0},"end":{"line":26,"column":26}},"4":{"start":{"line":27,"column":0},"end":{"line":27,"column":50}},"5":{"start":{"line":29,"column":0},"end":{"line":29,"column":23}},"6":{"start":{"line":30,"column":0},"end":{"line":36,"column":1}},"7":{"start":{"line":37,"column":0},"end":{"line":37,"column":19}},"8":{"start":{"line":38,"column":0},"end":{"line":38,"column":25}},"9":{"start":{"line":49,"column":0},"end":{"line":49,"column":17}},"10":{"start":{"line":52,"column":0},"end":{"line":52,"column":15}},"11":{"start":{"line":55,"column":0},"end":{"line":66,"column":1}},"12":{"start":{"line":56,"column":2},"end":{"line":56,"column":46}},"13":{"start":{"line":57,"column":2},"end":{"line":57,"column":47}},"14":{"start":{"line":58,"column":2},"end":{"line":65,"column":3}},"15":{"start":{"line":69,"column":0},"end":{"line":69,"column":20}},"16":{"start":{"line":72,"column":0},"end":{"line":83,"column":2}},"17":{"start":{"line":73,"column":2},"end":{"line":81,"column":3}},"18":{"start":{"line":75,"column":32},"end":{"line":75,"column":96}},"19":{"start":{"line":75,"column":56},"end":{"line":75,"column":81}},"20":{"start":{"line":76,"column":18},"end":{"line":76,"column":69}},"21":{"start":{"line":77,"column":4},"end":{"line":77,"column":22}},"22":{"start":{"line":78,"column":9},"end":{"line":81,"column":3}},"23":{"start":{"line":79,"column":21},"end":{"line":79,"column":72}},"24":{"start":{"line":80,"column":4},"end":{"line":80,"column":25}},"25":{"start":{"line":82,"column":2},"end":{"line":82,"column":18}},"26":{"start":{"line":86,"column":0},"end":{"line":89,"column":2}},"27":{"start":{"line":87,"column":14},"end":{"line":87,"column":65}},"28":{"start":{"line":88,"column":2},"end":{"line":88,"column":18}},"29":{"start":{"line":92,"column":0},"end":{"line":98,"column":1}},"30":{"start":{"line":93,"column":2},"end":{"line":97,"column":3}},"31":{"start":{"line":101,"column":0},"end":{"line":107,"column":1}},"32":{"start":{"line":102,"column":2},"end":{"line":106,"column":4}}},"fnMap":{"0":{"name":"(anonymous_0)","decl":{"start":{"line":72,"column":8},"end":{"line":72,"column":9}},"loc":{"start":{"line":72,"column":33},"end":{"line":83,"column":1}}},"1":{"name":"(anonymous_1)","decl":{"start":{"line":75,"column":47},"end":{"line":75,"column":48}},"loc":{"start":{"line":75,"column":56},"end":{"line":75,"column":81}}},"2":{"name":"(anonymous_2)","decl":{"start":{"line":86,"column":8},"end":{"line":86,"column":9}},"loc":{"start":{"line":86,"column":28},"end":{"line":89,"column":1}}},"3":{"name":"(anonymous_3)","decl":{"start":{"line":101,"column":8},"end":{"line":101,"column":9}},"loc":{"start":{"line":102,"column":2},"end":{"line":106,"column":4}}}},"branchMap":{"0":{"loc":{"start":{"line":21,"column":0},"end":{"line":23,"column":1}},"type":"if","locations":[{"start":{"line":21,"column":0},"end":{"line":23,"column":1}},{"start":{"line":21,"column":0},"end":{"line":23,"column":1}}]},"1":{"loc":{"start":{"line":55,"column":0},"end":{"line":66,"column":1}},"type":"if","locations":[{"start":{"line":55,"column":0},"end":{"line":66,"column":1}},{"start":{"line":55,"column":0},"end":{"line":66,"column":1}}]},"2":{"loc":{"start":{"line":73,"column":2},"end":{"line":81,"column":3}},"type":"if","locations":[{"start":{"line":73,"column":2},"end":{"line":81,"column":3}},{"start":{"line":73,"column":2},"end":{"line":81,"column":3}}]},"3":{"loc":{"start":{"line":78,"column":9},"end":{"line":81,"column":3}},"type":"if","locations":[{"start":{"line":78,"column":9},"end":{"line":81,"column":3}},{"start":{"line":78,"column":9},"end":{"line":81,"column":3}}]},"4":{"loc":{"start":{"line":92,"column":0},"end":{"line":98,"column":1}},"type":"if","locations":[{"start":{"line":92,"column":0},"end":{"line":98,"column":1}},{"start":{"line":92,"column":0},"end":{"line":98,"column":1}}]},"5":{"loc":{"start":{"line":104,"column":13},"end":{"line":104,"column":64}},"type":"cond-expr","locations":[{"start":{"line":104,"column":28},"end":{"line":104,"column":39}},{"start":{"line":104,"column":42},"end":{"line":104,"column":64}}]},"6":{"loc":{"start":{"line":105,"column":11},"end":{"line":105,"column":56}},"type":"cond-expr","locations":[{"start":{"line":105,"column":42},"end":{"line":105,"column":51}},{"start":{"line":105,"column":54},"end":{"line":105,"column":56}}]}},"s":{"0":1,"1":1,"2":0,"3":1,"4":1,"5":1,"6":1,"7":1,"8":1,"9":1,"10":1,"11":1,"12":0,"13":0,"14":0,"15":1,"16":1,"17":0,"18":0,"19":0,"20":0,"21":0,"22":0,"23":0,"24":0,"25":0,"26":1,"27":0,"28":0,"29":1,"30":0,"31":1,"32":0},"f":{"0":0,"1":0,"2":0,"3":0},"b":{"0":[0,1],"1":[0,1],"2":[0,0],"3":[0,0],"4":[0,1],"5":[0,0],"6":[0,0]},"_coverageSchema":"332fd63041d2c1bcb487cc26dd0d5f7d97098a6c","hash":"0145260d8fecfa8166052ba8d5bef1540d8a945c"}
,"/Users/manishhb/Documents/es6-express-mongoose-passport-rest-api-master/src/config/winston.js": {"path":"/Users/manishhb/Documents/es6-express-mongoose-passport-rest-api-master/src/config/winston.js","statementMap":{"0":{"start":{"line":3,"column":15},"end":{"line":10,"column":2}}},"fnMap":{},"branchMap":{},"s":{"0":1},"f":{},"b":{},"_coverageSchema":"332fd63041d2c1bcb487cc26dd0d5f7d97098a6c","hash":"b7d31d159a2fa5575b9a13976c3a5a9d45d212ef"}
,"/Users/manishhb/Documents/es6-express-mongoose-passport-rest-api-master/src/config/env/index.js": {"path":"/Users/manishhb/Documents/es6-express-mongoose-passport-rest-api-master/src/config/env/index.js","statementMap":{"0":{"start":{"line":3,"column":12},"end":{"line":3,"column":48}},"1":{"start":{"line":4,"column":15},"end":{"line":4,"column":34}}},"fnMap":{},"branchMap":{"0":{"loc":{"start":{"line":3,"column":12},"end":{"line":3,"column":48}},"type":"binary-expr","locations":[{"start":{"line":3,"column":12},"end":{"line":3,"column":32}},{"start":{"line":3,"column":36},"end":{"line":3,"column":48}}]}},"s":{"0":1,"1":1},"f":{},"b":{"0":[1,0]},"_coverageSchema":"332fd63041d2c1bcb487cc26dd0d5f7d97098a6c","hash":"2537428f994c22d309b48619db4a8e57f9f380b6"}
,"/Users/manishhb/Documents/es6-express-mongoose-passport-rest-api-master/src/config/env/test.js": {"path":"/Users/manishhb/Documents/es6-express-mongoose-passport-rest-api-master/src/config/env/test.js","statementMap":{},"fnMap":{},"branchMap":{},"s":{},"f":{},"b":{},"_coverageSchema":"332fd63041d2c1bcb487cc26dd0d5f7d97098a6c","hash":"a094a4e5c39dd44c651e456985123f1c20dc2f0d"}
,"/Users/manishhb/Documents/es6-express-mongoose-passport-rest-api-master/src/server/controllers/audits.controller.js": {"path":"/Users/manishhb/Documents/es6-express-mongoose-passport-rest-api-master/src/server/controllers/audits.controller.js","statementMap":{"0":{"start":{"line":5,"column":16},"end":{"line":5,"column":36}},"1":{"start":{"line":7,"column":12},"end":{"line":9,"column":29}},"2":{"start":{"line":8,"column":16},"end":{"line":8,"column":39}},"3":{"start":{"line":14,"column":4},"end":{"line":17,"column":9}},"4":{"start":{"line":15,"column":8},"end":{"line":15,"column":41}},"5":{"start":{"line":15,"column":17},"end":{"line":15,"column":41}},"6":{"start":{"line":16,"column":8},"end":{"line":16,"column":32}},"7":{"start":{"line":23,"column":4},"end":{"line":23,"column":35}},"8":{"start":{"line":25,"column":4},"end":{"line":28,"column":9}},"9":{"start":{"line":26,"column":8},"end":{"line":26,"column":41}},"10":{"start":{"line":26,"column":17},"end":{"line":26,"column":41}},"11":{"start":{"line":27,"column":8},"end":{"line":27,"column":32}},"12":{"start":{"line":36,"column":24},"end":{"line":36,"column":32}},"13":{"start":{"line":38,"column":12},"end":{"line":48,"column":26}},"14":{"start":{"line":42,"column":28},"end":{"line":42,"column":45}},"15":{"start":{"line":43,"column":28},"end":{"line":46,"column":29}},"16":{"start":{"line":44,"column":36},"end":{"line":44,"column":54}},"17":{"start":{"line":45,"column":36},"end":{"line":45,"column":58}}},"fnMap":{"0":{"name":"create","decl":{"start":{"line":4,"column":9},"end":{"line":4,"column":15}},"loc":{"start":{"line":4,"column":32},"end":{"line":10,"column":3}}},"1":{"name":"(anonymous_1)","decl":{"start":{"line":7,"column":30},"end":{"line":7,"column":31}},"loc":{"start":{"line":7,"column":40},"end":{"line":9,"column":15}}},"2":{"name":"allAudits","decl":{"start":{"line":13,"column":9},"end":{"line":13,"column":18}},"loc":{"start":{"line":13,"column":34},"end":{"line":18,"column":1}}},"3":{"name":"(anonymous_3)","decl":{"start":{"line":14,"column":16},"end":{"line":14,"column":17}},"loc":{"start":{"line":14,"column":39},"end":{"line":17,"column":7}}},"4":{"name":"findStoreAudits","decl":{"start":{"line":21,"column":9},"end":{"line":21,"column":24}},"loc":{"start":{"line":21,"column":41},"end":{"line":30,"column":3}}},"5":{"name":"(anonymous_5)","decl":{"start":{"line":25,"column":51},"end":{"line":25,"column":52}},"loc":{"start":{"line":25,"column":74},"end":{"line":28,"column":7}}},"6":{"name":"addEvents","decl":{"start":{"line":33,"column":9},"end":{"line":33,"column":18}},"loc":{"start":{"line":33,"column":35},"end":{"line":50,"column":7}}},"7":{"name":"(anonymous_7)","decl":{"start":{"line":41,"column":47},"end":{"line":41,"column":48}},"loc":{"start":{"line":41,"column":67},"end":{"line":48,"column":25}}}},"branchMap":{"0":{"loc":{"start":{"line":15,"column":8},"end":{"line":15,"column":41}},"type":"if","locations":[{"start":{"line":15,"column":8},"end":{"line":15,"column":41}},{"start":{"line":15,"column":8},"end":{"line":15,"column":41}}]},"1":{"loc":{"start":{"line":26,"column":8},"end":{"line":26,"column":41}},"type":"if","locations":[{"start":{"line":26,"column":8},"end":{"line":26,"column":41}},{"start":{"line":26,"column":8},"end":{"line":26,"column":41}}]},"2":{"loc":{"start":{"line":43,"column":28},"end":{"line":46,"column":29}},"type":"if","locations":[{"start":{"line":43,"column":28},"end":{"line":46,"column":29}},{"start":{"line":43,"column":28},"end":{"line":46,"column":29}}]}},"s":{"0":0,"1":0,"2":0,"3":0,"4":0,"5":0,"6":0,"7":1,"8":1,"9":1,"10":0,"11":1,"12":0,"13":0,"14":0,"15":0,"16":0,"17":0},"f":{"0":0,"1":0,"2":0,"3":0,"4":1,"5":1,"6":0,"7":0},"b":{"0":[0,0],"1":[0,1],"2":[0,0]},"_coverageSchema":"332fd63041d2c1bcb487cc26dd0d5f7d97098a6c","hash":"bd0b164755d967df5aa46102a20f6527c09dd42a"}
,"/Users/manishhb/Documents/es6-express-mongoose-passport-rest-api-master/src/server/helpers/APIError.js": {"path":"/Users/manishhb/Documents/es6-express-mongoose-passport-rest-api-master/src/server/helpers/APIError.js","statementMap":{"0":{"start":{"line":8,"column":4},"end":{"line":8,"column":18}},"1":{"start":{"line":9,"column":4},"end":{"line":9,"column":37}},"2":{"start":{"line":10,"column":4},"end":{"line":10,"column":26}},"3":{"start":{"line":11,"column":4},"end":{"line":11,"column":24}},"4":{"start":{"line":12,"column":4},"end":{"line":12,"column":28}},"5":{"start":{"line":13,"column":4},"end":{"line":13,"column":29}},"6":{"start":{"line":14,"column":4},"end":{"line":14,"column":56}},"7":{"start":{"line":30,"column":4},"end":{"line":30,"column":36}}},"fnMap":{"0":{"name":"(anonymous_0)","decl":{"start":{"line":7,"column":2},"end":{"line":7,"column":3}},"loc":{"start":{"line":7,"column":41},"end":{"line":15,"column":3}}},"1":{"name":"(anonymous_1)","decl":{"start":{"line":29,"column":2},"end":{"line":29,"column":3}},"loc":{"start":{"line":29,"column":84},"end":{"line":31,"column":3}}}},"branchMap":{"0":{"loc":{"start":{"line":29,"column":23},"end":{"line":29,"column":64}},"type":"default-arg","locations":[{"start":{"line":29,"column":32},"end":{"line":29,"column":64}}]},"1":{"loc":{"start":{"line":29,"column":66},"end":{"line":29,"column":82}},"type":"default-arg","locations":[{"start":{"line":29,"column":77},"end":{"line":29,"column":82}}]}},"s":{"0":0,"1":0,"2":0,"3":0,"4":0,"5":0,"6":0,"7":0},"f":{"0":0,"1":0},"b":{"0":[0],"1":[0]},"_coverageSchema":"332fd63041d2c1bcb487cc26dd0d5f7d97098a6c","hash":"8f837a081bb8dac6e3ef5ff3c6afbed591cee8fc"}
,"/Users/manishhb/Documents/es6-express-mongoose-passport-rest-api-master/src/server/models/audits.model.js": {"path":"/Users/manishhb/Documents/es6-express-mongoose-passport-rest-api-master/src/server/models/audits.model.js","statementMap":{"0":{"start":{"line":3,"column":19},"end":{"line":21,"column":1}}},"fnMap":{},"branchMap":{},"s":{"0":1},"f":{},"b":{},"_coverageSchema":"332fd63041d2c1bcb487cc26dd0d5f7d97098a6c","hash":"c9114b918756a191b89990740a7ea665351b1e2d"}
,"/Users/manishhb/Documents/es6-express-mongoose-passport-rest-api-master/src/server/routes/index.route.js": {"path":"/Users/manishhb/Documents/es6-express-mongoose-passport-rest-api-master/src/server/routes/index.route.js","statementMap":{"0":{"start":{"line":4,"column":15},"end":{"line":4,"column":31}},"1":{"start":{"line":7,"column":0},"end":{"line":7,"column":57}},"2":{"start":{"line":7,"column":42},"end":{"line":7,"column":56}},"3":{"start":{"line":10,"column":0},"end":{"line":10,"column":35}}},"fnMap":{"0":{"name":"(anonymous_0)","decl":{"start":{"line":7,"column":28},"end":{"line":7,"column":29}},"loc":{"start":{"line":7,"column":42},"end":{"line":7,"column":56}}}},"branchMap":{},"s":{"0":1,"1":1,"2":1,"3":1},"f":{"0":1},"b":{},"_coverageSchema":"332fd63041d2c1bcb487cc26dd0d5f7d97098a6c","hash":"b1bf6ed949707e0257888052cb6b41dde8a32010"}
,"/Users/manishhb/Documents/es6-express-mongoose-passport-rest-api-master/src/server/routes/audits/audits.route.js": {"path":"/Users/manishhb/Documents/es6-express-mongoose-passport-rest-api-master/src/server/routes/audits/audits.route.js","statementMap":{"0":{"start":{"line":6,"column":15},"end":{"line":6,"column":31}},"1":{"start":{"line":8,"column":0},"end":{"line":10,"column":26}},"2":{"start":{"line":12,"column":0},"end":{"line":14,"column":63}},"3":{"start":{"line":16,"column":0},"end":{"line":18,"column":75}},"4":{"start":{"line":20,"column":0},"end":{"line":22,"column":64}}},"fnMap":{},"branchMap":{},"s":{"0":1,"1":1,"2":1,"3":1,"4":1},"f":{},"b":{},"_coverageSchema":"332fd63041d2c1bcb487cc26dd0d5f7d97098a6c","hash":"fa540d77904151b148cd30e6151724c7c6b6a105"}
,"/Users/manishhb/Documents/es6-express-mongoose-passport-rest-api-master/src/server/routes/audits/audits.validations.js": {"path":"/Users/manishhb/Documents/es6-express-mongoose-passport-rest-api-master/src/server/routes/audits/audits.validations.js","statementMap":{},"fnMap":{},"branchMap":{},"s":{},"f":{},"b":{},"_coverageSchema":"332fd63041d2c1bcb487cc26dd0d5f7d97098a6c","hash":"7f07a8d00fcbd31110fa97d3d7d7f4e182fa2f99"}
}
