TN:
SF:/Users/manishhb/Documents/es6-express-mongoose-passport-rest-api-master/src/index.js
FN:20,(anonymous_0)
FN:26,(anonymous_1)
FN:35,(anonymous_2)
FNF:3
FNH:0
FNDA:0,(anonymous_0)
FNDA:0,(anonymous_1)
FNDA:0,(anonymous_2)
DA:6,1
DA:9,1
DA:12,1
DA:20,1
DA:21,0
DA:25,1
DA:26,0
DA:27,0
DA:33,1
DA:35,0
DA:36,0
LF:11
LH:6
BRDA:25,0,0,0
BRDA:25,0,1,1
BRDA:33,1,0,0
BRDA:33,1,1,1
BRF:4
BRH:2
end_of_record
TN:
SF:/Users/manishhb/Documents/es6-express-mongoose-passport-rest-api-master/src/config/express.js
FN:72,(anonymous_0)
FN:75,(anonymous_1)
FN:86,(anonymous_2)
FN:101,(anonymous_3)
FNF:4
FNH:0
FNDA:0,(anonymous_0)
FNDA:0,(anonymous_1)
FNDA:0,(anonymous_2)
FNDA:0,(anonymous_3)
DA:19,1
DA:21,1
DA:22,0
DA:26,1
DA:27,1
DA:29,1
DA:30,1
DA:37,1
DA:38,1
DA:49,1
DA:52,1
DA:55,1
DA:56,0
DA:57,0
DA:58,0
DA:69,1
DA:72,1
DA:73,0
DA:75,0
DA:76,0
DA:77,0
DA:78,0
DA:79,0
DA:80,0
DA:82,0
DA:86,1
DA:87,0
DA:88,0
DA:92,1
DA:93,0
DA:101,1
DA:102,0
LF:32
LH:16
BRDA:21,0,0,0
BRDA:21,0,1,1
BRDA:55,1,0,0
BRDA:55,1,1,1
BRDA:73,2,0,0
BRDA:73,2,1,0
BRDA:78,3,0,0
BRDA:78,3,1,0
BRDA:92,4,0,0
BRDA:92,4,1,1
BRDA:104,5,0,0
BRDA:104,5,1,0
BRDA:105,6,0,0
BRDA:105,6,1,0
BRF:14
BRH:3
end_of_record
TN:
SF:/Users/manishhb/Documents/es6-express-mongoose-passport-rest-api-master/src/config/winston.js
FNF:0
FNH:0
DA:3,1
LF:1
LH:1
BRF:0
BRH:0
end_of_record
TN:
SF:/Users/manishhb/Documents/es6-express-mongoose-passport-rest-api-master/src/config/env/index.js
FNF:0
FNH:0
DA:3,1
DA:4,1
LF:2
LH:2
BRDA:3,0,0,1
BRDA:3,0,1,0
BRF:2
BRH:1
end_of_record
TN:
SF:/Users/manishhb/Documents/es6-express-mongoose-passport-rest-api-master/src/config/env/test.js
FNF:0
FNH:0
LF:0
LH:0
BRF:0
BRH:0
end_of_record
TN:
SF:/Users/manishhb/Documents/es6-express-mongoose-passport-rest-api-master/src/server/controllers/audits.controller.js
FN:4,create
FN:7,(anonymous_1)
FN:13,allAudits
FN:14,(anonymous_3)
FN:21,findStoreAudits
FN:25,(anonymous_5)
FN:33,addEvents
FN:41,(anonymous_7)
FNF:8
FNH:2
FNDA:0,create
FNDA:0,(anonymous_1)
FNDA:0,allAudits
FNDA:0,(anonymous_3)
FNDA:1,findStoreAudits
FNDA:1,(anonymous_5)
FNDA:0,addEvents
FNDA:0,(anonymous_7)
DA:5,0
DA:7,0
DA:8,0
DA:14,0
DA:15,0
DA:16,0
DA:23,1
DA:25,1
DA:26,1
DA:27,1
DA:36,0
DA:38,0
DA:42,0
DA:43,0
DA:44,0
DA:45,0
LF:16
LH:4
BRDA:15,0,0,0
BRDA:15,0,1,0
BRDA:26,1,0,0
BRDA:26,1,1,1
BRDA:43,2,0,0
BRDA:43,2,1,0
BRF:6
BRH:1
end_of_record
TN:
SF:/Users/manishhb/Documents/es6-express-mongoose-passport-rest-api-master/src/server/helpers/APIError.js
FN:7,(anonymous_0)
FN:29,(anonymous_1)
FNF:2
FNH:0
FNDA:0,(anonymous_0)
FNDA:0,(anonymous_1)
DA:8,0
DA:9,0
DA:10,0
DA:11,0
DA:12,0
DA:13,0
DA:14,0
DA:30,0
LF:8
LH:0
BRDA:29,0,0,0
BRDA:29,1,0,0
BRF:2
BRH:0
end_of_record
TN:
SF:/Users/manishhb/Documents/es6-express-mongoose-passport-rest-api-master/src/server/models/audits.model.js
FNF:0
FNH:0
DA:3,1
LF:1
LH:1
BRF:0
BRH:0
end_of_record
TN:
SF:/Users/manishhb/Documents/es6-express-mongoose-passport-rest-api-master/src/server/routes/index.route.js
FN:7,(anonymous_0)
FNF:1
FNH:1
FNDA:1,(anonymous_0)
DA:4,1
DA:7,1
DA:10,1
LF:3
LH:3
BRF:0
BRH:0
end_of_record
TN:
SF:/Users/manishhb/Documents/es6-express-mongoose-passport-rest-api-master/src/server/routes/audits/audits.route.js
FNF:0
FNH:0
DA:6,1
DA:8,1
DA:12,1
DA:16,1
DA:20,1
LF:5
LH:5
BRF:0
BRH:0
end_of_record
TN:
SF:/Users/manishhb/Documents/es6-express-mongoose-passport-rest-api-master/src/server/routes/audits/audits.validations.js
FNF:0
FNH:0
LF:0
LH:0
BRF:0
BRH:0
end_of_record
